Traceback (most recent call last):
  File "/root/autodl-tmp/qwen3-48-lora/.venv/lib/python3.12/site-packages/huggingface_hub/utils/_http.py", line 402, in hf_raise_for_status
    response.raise_for_status()
  File "/root/autodl-tmp/qwen3-48-lora/.venv/lib/python3.12/site-packages/requests/models.py", line 1026, in raise_for_status
    raise HTTPError(http_error_msg, response=self)
requests.exceptions.HTTPError: 404 Client Error: Not Found for url: https://hf-mirror.com/datasets/keivalya/MedQuad-MedicalQnADataset/resolve/5b0961fbaa6d7f9c344c5d59c29943fb900c2eca/MedQuad-MedicalQnADataset.py

The above exception was the direct cause of the following exception:

Traceback (most recent call last):
  File "/root/autodl-tmp/qwen3-48-lora/.venv/lib/python3.12/site-packages/datasets/load.py", line 987, in dataset_module_factory
    api.hf_hub_download(
  File "/root/autodl-tmp/qwen3-48-lora/.venv/lib/python3.12/site-packages/huggingface_hub/utils/_validators.py", line 114, in _inner_fn
    return fn(*args, **kwargs)
           ^^^^^^^^^^^^^^^^^^^
  File "/root/autodl-tmp/qwen3-48-lora/.venv/lib/python3.12/site-packages/huggingface_hub/hf_api.py", line 5467, in hf_hub_download
    return hf_hub_download(
           ^^^^^^^^^^^^^^^^
  File "/root/autodl-tmp/qwen3-48-lora/.venv/lib/python3.12/site-packages/huggingface_hub/utils/_validators.py", line 114, in _inner_fn
    return fn(*args, **kwargs)
           ^^^^^^^^^^^^^^^^^^^
  File "/root/autodl-tmp/qwen3-48-lora/.venv/lib/python3.12/site-packages/huggingface_hub/file_download.py", line 1007, in hf_hub_download
    return _hf_hub_download_to_cache_dir(
           ^^^^^^^^^^^^^^^^^^^^^^^^^^^^^^
  File "/root/autodl-tmp/qwen3-48-lora/.venv/lib/python3.12/site-packages/huggingface_hub/file_download.py", line 1070, in _hf_hub_download_to_cache_dir
    (url_to_download, etag, commit_hash, expected_size, xet_file_data, head_call_error) = _get_metadata_or_catch_error(
                                                                                          ^^^^^^^^^^^^^^^^^^^^^^^^^^^^^
  File "/root/autodl-tmp/qwen3-48-lora/.venv/lib/python3.12/site-packages/huggingface_hub/file_download.py", line 1543, in _get_metadata_or_catch_error
    metadata = get_hf_file_metadata(
               ^^^^^^^^^^^^^^^^^^^^^
  File "/root/autodl-tmp/qwen3-48-lora/.venv/lib/python3.12/site-packages/huggingface_hub/utils/_validators.py", line 114, in _inner_fn
    return fn(*args, **kwargs)
           ^^^^^^^^^^^^^^^^^^^
  File "/root/autodl-tmp/qwen3-48-lora/.venv/lib/python3.12/site-packages/huggingface_hub/file_download.py", line 1460, in get_hf_file_metadata
    r = _request_wrapper(
        ^^^^^^^^^^^^^^^^^
  File "/root/autodl-tmp/qwen3-48-lora/.venv/lib/python3.12/site-packages/huggingface_hub/file_download.py", line 283, in _request_wrapper
    response = _request_wrapper(
               ^^^^^^^^^^^^^^^^^
  File "/root/autodl-tmp/qwen3-48-lora/.venv/lib/python3.12/site-packages/huggingface_hub/file_download.py", line 307, in _request_wrapper
    hf_raise_for_status(response)
  File "/root/autodl-tmp/qwen3-48-lora/.venv/lib/python3.12/site-packages/huggingface_hub/utils/_http.py", line 413, in hf_raise_for_status
    raise _format(EntryNotFoundError, message, response) from e
huggingface_hub.errors.EntryNotFoundError: 404 Client Error. (Request ID: Root=1-69202d1f-43b383621172441706aac977;caf73e4d-a55b-4b66-b483-20c28d1f5cf3)

Entry Not Found for url: https://hf-mirror.com/datasets/keivalya/MedQuad-MedicalQnADataset/resolve/5b0961fbaa6d7f9c344c5d59c29943fb900c2eca/MedQuad-MedicalQnADataset.py.

During handling of the above exception, another exception occurred:

Traceback (most recent call last):
  File "/root/autodl-tmp/qwen3-48-lora/train.py", line 140, in <module>
    train()
  File "/root/autodl-tmp/qwen3-48-lora/train.py", line 49, in train
    dataset = load_and_templated_qa_data(dataset_name, split="train")
              ^^^^^^^^^^^^^^^^^^^^^^^^^^^^^^^^^^^^^^^^^^^^^^^^^^^^^^^
  File "/root/autodl-tmp/qwen3-48-lora/data/data_process.py", line 8, in load_and_templated_qa_data
    dataset = datasets.load_dataset(dataset_name, split=split)
              ^^^^^^^^^^^^^^^^^^^^^^^^^^^^^^^^^^^^^^^^^^^^^^^^
  File "/root/autodl-tmp/qwen3-48-lora/.venv/lib/python3.12/site-packages/datasets/load.py", line 1397, in load_dataset
    builder_instance = load_dataset_builder(
                       ^^^^^^^^^^^^^^^^^^^^^
  File "/root/autodl-tmp/qwen3-48-lora/.venv/lib/python3.12/site-packages/datasets/load.py", line 1137, in load_dataset_builder
    dataset_module = dataset_module_factory(
                     ^^^^^^^^^^^^^^^^^^^^^^^
  File "/root/autodl-tmp/qwen3-48-lora/.venv/lib/python3.12/site-packages/datasets/load.py", line 1001, in dataset_module_factory
    return HubDatasetModuleFactory(
           ^^^^^^^^^^^^^^^^^^^^^^^^
  File "/root/autodl-tmp/qwen3-48-lora/.venv/lib/python3.12/site-packages/datasets/load.py", line 566, in __init__
    increase_load_count(name)
  File "/root/autodl-tmp/qwen3-48-lora/.venv/lib/python3.12/site-packages/datasets/load.py", line 193, in increase_load_count
    get_session().head(
  File "/root/autodl-tmp/qwen3-48-lora/.venv/lib/python3.12/site-packages/requests/sessions.py", line 624, in head
    return self.request("HEAD", url, **kwargs)
           ^^^^^^^^^^^^^^^^^^^^^^^^^^^^^^^^^^^
  File "/root/autodl-tmp/qwen3-48-lora/.venv/lib/python3.12/site-packages/requests/sessions.py", line 589, in request
    resp = self.send(prep, **send_kwargs)
           ^^^^^^^^^^^^^^^^^^^^^^^^^^^^^^
  File "/root/autodl-tmp/qwen3-48-lora/.venv/lib/python3.12/site-packages/requests/sessions.py", line 703, in send
    r = adapter.send(request, **kwargs)
        ^^^^^^^^^^^^^^^^^^^^^^^^^^^^^^^
  File "/root/autodl-tmp/qwen3-48-lora/.venv/lib/python3.12/site-packages/huggingface_hub/utils/_http.py", line 95, in send
    return super().send(request, *args, **kwargs)
           ^^^^^^^^^^^^^^^^^^^^^^^^^^^^^^^^^^^^^^
  File "/root/autodl-tmp/qwen3-48-lora/.venv/lib/python3.12/site-packages/requests/adapters.py", line 644, in send
    resp = conn.urlopen(
           ^^^^^^^^^^^^^
  File "/root/autodl-tmp/qwen3-48-lora/.venv/lib/python3.12/site-packages/urllib3/connectionpool.py", line 787, in urlopen
    response = self._make_request(
               ^^^^^^^^^^^^^^^^^^^
  File "/root/autodl-tmp/qwen3-48-lora/.venv/lib/python3.12/site-packages/urllib3/connectionpool.py", line 464, in _make_request
    self._validate_conn(conn)
  File "/root/autodl-tmp/qwen3-48-lora/.venv/lib/python3.12/site-packages/urllib3/connectionpool.py", line 1093, in _validate_conn
    conn.connect()
  File "/root/autodl-tmp/qwen3-48-lora/.venv/lib/python3.12/site-packages/urllib3/connection.py", line 753, in connect
    self.sock = sock = self._new_conn()
                       ^^^^^^^^^^^^^^^^
  File "/root/autodl-tmp/qwen3-48-lora/.venv/lib/python3.12/site-packages/urllib3/connection.py", line 198, in _new_conn
    sock = connection.create_connection(
           ^^^^^^^^^^^^^^^^^^^^^^^^^^^^^
  File "/root/autodl-tmp/qwen3-48-lora/.venv/lib/python3.12/site-packages/urllib3/util/connection.py", line 60, in create_connection
    for res in socket.getaddrinfo(host, port, family, socket.SOCK_STREAM):
               ^^^^^^^^^^^^^^^^^^^^^^^^^^^^^^^^^^^^^^^^^^^^^^^^^^^^^^^^^^
  File "/root/miniconda3/lib/python3.12/socket.py", line 963, in getaddrinfo
    for res in _socket.getaddrinfo(host, port, family, type, proto, flags):
               ^^^^^^^^^^^^^^^^^^^^^^^^^^^^^^^^^^^^^^^^^^^^^^^^^^^^^^^^^^^
KeyboardInterrupt
