README.md: 233B [00:00, 288kB/s]
medDataset_processed.csv: 100%|████████████████████████████████████████████████████████████████| 22.5M/22.5M [00:19<00:00, 1.14MB/s]
Generating train split: 16407 examples [00:00, 48712.43 examples/s]
Map: 100%|█████████████████████████████████████████████████████████████████████████| 16407/16407 [00:00<00:00, 112000.56 examples/s]
Map: 100%|██████████████████████████████████████████████████████████████████████████| 16407/16407 [00:00<00:00, 25717.51 examples/s]
Casting the dataset: 100%|█████████████████████████████████████████████████████████| 16407/16407 [00:00<00:00, 373263.32 examples/s]
Traceback (most recent call last):
  File "/root/miniconda3/lib/python3.12/importlib/metadata/__init__.py", line 397, in from_name
    return next(cls.discover(name=name))
           ^^^^^^^^^^^^^^^^^^^^^^^^^^^^^
StopIteration

During handling of the above exception, another exception occurred:

Traceback (most recent call last):
  File "/root/autodl-tmp/qwen3-48-lora/train.py", line 140, in <module>
    train()
  File "/root/autodl-tmp/qwen3-48-lora/train.py", line 63, in train
    quantization_config = BitsAndBytesConfig(
                          ^^^^^^^^^^^^^^^^^^^
  File "/root/autodl-tmp/qwen3-48-lora/.venv/lib/python3.12/site-packages/transformers/utils/quantization_config.py", line 510, in __init__
    self.post_init()
  File "/root/autodl-tmp/qwen3-48-lora/.venv/lib/python3.12/site-packages/transformers/utils/quantization_config.py", line 568, in post_init
    if self.load_in_4bit and not version.parse(importlib.metadata.version("bitsandbytes")) >= version.parse(
                                               ^^^^^^^^^^^^^^^^^^^^^^^^^^^^^^^^^^^^^^^^^^
  File "/root/miniconda3/lib/python3.12/importlib/metadata/__init__.py", line 889, in version
    return distribution(distribution_name).version
           ^^^^^^^^^^^^^^^^^^^^^^^^^^^^^^^
  File "/root/miniconda3/lib/python3.12/importlib/metadata/__init__.py", line 862, in distribution
    return Distribution.from_name(distribution_name)
           ^^^^^^^^^^^^^^^^^^^^^^^^^^^^^^^^^^^^^^^^^
  File "/root/miniconda3/lib/python3.12/importlib/metadata/__init__.py", line 399, in from_name
    raise PackageNotFoundError(name)
importlib.metadata.PackageNotFoundError: No package metadata was found for bitsandbytes
